TN:
SF:/Users/udalgic/rapsodo-case/src/components/shared/language-picker.vue
FN:31,(anonymous_1)
FN:34,(anonymous_2)
FN:40,(anonymous_3)
FN:44,(anonymous_4)
FNF:4
FNH:4
FNDA:2,(anonymous_1)
FNDA:2,(anonymous_2)
FNDA:3,(anonymous_3)
FNDA:2,(anonymous_4)
DA:25,1
DA:31,2
DA:35,2
DA:41,3
DA:45,2
LF:5
LH:5
BRF:0
BRH:0
end_of_record
TN:
SF:/Users/udalgic/rapsodo-case/src/services/auth.js
FN:3,(anonymous_0)
FNF:1
FNH:1
FNDA:1,(anonymous_0)
DA:4,1
LF:1
LH:1
BRF:0
BRH:0
end_of_record
TN:
SF:/Users/udalgic/rapsodo-case/src/services/interceptors/api.js
FN:4,errorResponseHandler
FN:11,(anonymous_1)
FNF:2
FNH:2
FNDA:1,errorResponseHandler
FNDA:1,(anonymous_1)
DA:5,1
DA:6,1
DA:8,3
DA:11,3
LF:4
LH:4
BRF:0
BRH:0
end_of_record
TN:
SF:/Users/udalgic/rapsodo-case/src/utils/notify.js
FN:3,(anonymous_0)
FNF:1
FNH:1
FNDA:1,(anonymous_0)
DA:3,4
DA:4,1
LF:2
LH:2
BRF:0
BRH:0
end_of_record
TN:
SF:/Users/udalgic/rapsodo-case/src/views/homepage.vue
FN:14,(anonymous_1)
FN:18,(anonymous_2)
FNF:2
FNH:2
FNDA:1,(anonymous_1)
FNDA:1,(anonymous_2)
DA:9,1
DA:14,1
DA:19,1
DA:20,1
LF:4
LH:4
BRF:0
BRH:0
end_of_record
TN:
SF:/Users/udalgic/rapsodo-case/src/views/signIn.vue
FN:69,(anonymous_1)
FN:76,(anonymous_2)
FN:87,(anonymous_3)
FNF:3
FNH:3
FNDA:2,(anonymous_1)
FNDA:3,(anonymous_2)
FNDA:1,(anonymous_3)
DA:64,1
DA:65,1
DA:70,2
DA:77,3
DA:78,1
DA:80,2
DA:88,1
DA:92,1
DA:93,1
LF:9
LH:9
BRDA:77,0,0,1
BRDA:77,0,1,2
BRDA:77,1,0,3
BRDA:77,1,1,1
BRF:4
BRH:4
end_of_record
